#
# A fatal error has been detected by the Java Runtime Environment:
#
#  EXCEPTION_ACCESS_VIOLATION (0xc0000005) at pc=0x00007ff934469bbb, pid=15488, tid=412
#
# JRE version: OpenJDK Runtime Environment (12.0.1+12) (build 12.0.1+12)
# Java VM: OpenJDK 64-Bit Server VM (12.0.1+12, mixed mode, sharing, tiered, compressed oops, g1 gc, windows-amd64)
# Problematic frame:
# V  [jvm.dll+0x699bbb]
#
# No core dump will be written. Minidumps are not enabled by default on client versions of Windows
#
# If you would like to submit a bug report, please visit:
#   http://bugreport.java.com/bugreport/crash.jsp
#

---------------  S U M M A R Y ------------

Command Line: -agentlib:jdwp=transport=dt_socket,suspend=y,address=localhost:50742 --add-opens=java.base/java.lang=weld.core.impl -javaagent:D:\Development\eclipse\eclipse\configuration\org.eclipse.osgi\411\0\.cp\lib\javaagent-shaded.jar -Dfile.encoding=UTF-8 --module-path=D:\Development\projects\ai-republic\microprofile\sample\target\classes;D:\Development\projects\ai-republic\microprofile\server-core\target\classes;D:\Development\projects\ai-republic\microprofile\server-core-spi\target\classes;D:\Development\projects\ai-republic\microprofile\feature-logging-java\target\classes;D:\Development\projects\ai-republic\microprofile\module-http\target\classes;D:\Development\projects\ai-republic\microprofile\util-http-common\target\classes;D:\Development\projects\ai-republic\microprofile\plugin-http-jaxrs\target\classes;D:\Development\.m2\repository\jakarta\ws\rs\jakarta.ws.rs-api\2.1.5\jakarta.ws.rs-api-2.1.5.jar;D:\Development\.m2\repository\org\jboss\resteasy\resteasy-jaxrs\3.6.3.Final\resteasy-jaxrs-3.6.3.Final.jar;D:\Development\.m2\repository\org\jboss\spec\javax\xml\bind\jboss-jaxb-api_2.3_spec\1.0.1.Final\jboss-jaxb-api_2.3_spec-1.0.1.Final.jar;D:\Development\.m2\repository\org\jboss\logging\jboss-logging\3.3.2.Final\jboss-logging-3.3.2.Final.jar;D:\Development\.m2\repository\org\jboss\resteasy\resteasy-cdi\3.6.3.Final\resteasy-cdi-3.6.3.Final.jar;D:\Development\projects\ai-republic\microprofile\plugin-http-sse\target\classes;D:\Development\projects\ai-republic\microprofile\plugin-http-websocket\target\classes;D:\Development\.m2\repository\javax\websocket\javax.websocket-api\1.1\javax.websocket-api-1.1.jar;D:\Development\projects\ai-republic\microprofile\feature-cdi-weld\target\classes;D:\Development\.m2\repository\org\jboss\weld\se\weld-se-core\3.1.1.Final\weld-se-core-3.1.1.Final.jar;D:\Development\.m2\repository\org\jboss\weld\environment\weld-environment-common\3.1.1.Final\weld-environment-common-3.1.1.Final.jar;D:\Development\.m2\repository\org\jboss\weld\weld-core-impl\3.1.1.Final\weld-core-impl-3.1.1.Final.jar;D:\Development\.m2\repository\org\jboss\weld\weld-api\3.1.Final\weld-api-3.1.Final.jar;D:\Development\projects\ai-republic\microprofile\feature-mp-config\target\classes;D:\Development\.m2\repository\org\ec-Djdk.module.main=com.airepublic.microprofile.sample com.airepublic.microprofile.sample/com.airepublic.microprofile.javaserver.boot.Boot

Host: Intel(R) Core(TM) i9-8950HK CPU @ 2.90GHz, 12 cores, 63G,  Windows 10 , 64 bit Build 18362 (10.0.18362.86)
Time: Thu Jul 25 08:31:03 2019 China Standard Time elapsed time: 121 seconds (0d 0h 2m 1s)

---------------  T H R E A D  ---------------

Current thread (0x000002a61183e800):  JavaThread "ForkJoinPool.commonPool-worker-31" daemon [_thread_in_vm, id=412, stack(0x000000ac82600000,0x000000ac82700000)]

Stack: [0x000000ac82600000,0x000000ac82700000],  sp=0x000000ac826fa980,  free space=1002k
Native frames: (J=compiled Java code, j=interpreted, Vv=VM code, C=native code)
V  [jvm.dll+0x699bbb]
V  [jvm.dll+0x3a1ed3]
V  [jvm.dll+0x534499]
V  [jvm.dll+0x3a55f6]
V  [jvm.dll+0x6ca6b5]
V  [jvm.dll+0x6c9ff2]
V  [jvm.dll+0x42c5b6]
C  0x000002a653ca5d16

Java frames: (J=compiled Java code, j=interpreted, Vv=VM code)
j  java.lang.StackStreamFactory$AbstractStackWalker.fetchStackFrames(JJII[Ljava/lang/Object;)I+0 java.base@12.0.1
j  java.lang.StackStreamFactory$AbstractStackWalker.fetchStackFrames(I)I+35 java.base@12.0.1
j  java.lang.StackStreamFactory$AbstractStackWalker.getNextBatch()I+61 java.base@12.0.1
J 4696 c1 java.lang.StackStreamFactory$AbstractStackWalker.peekFrame()Ljava/lang/Class; java.base@12.0.1 (132 bytes) @ 0x000002a654b0f26c [0x000002a654b0f040+0x000000000000022c]
J 4735 c1 java.lang.StackStreamFactory$StackFrameTraverser.tryAdvance(Ljava/util/function/Consumer;)Z java.base@12.0.1 (114 bytes) @ 0x000002a654b298d4 [0x000002a654b29820+0x00000000000000b4]
j  java.util.stream.ReferencePipeline.forEachWithCancel(Ljava/util/Spliterator;Ljava/util/stream/Sink;)Z+13 java.base@12.0.1
j  java.util.stream.AbstractPipeline.copyIntoWithCancel(Ljava/util/stream/Sink;Ljava/util/Spliterator;)Z+32 java.base@12.0.1
J 2953 c1 java.util.stream.AbstractPipeline.copyInto(Ljava/util/stream/Sink;Ljava/util/Spliterator;)V java.base@12.0.1 (54 bytes) @ 0x000002a65487226c [0x000002a654872120+0x000000000000014c]
J 2762 c1 java.util.stream.AbstractPipeline.wrapAndCopyInto(Ljava/util/stream/Sink;Ljava/util/Spliterator;)Ljava/util/stream/Sink; java.base@12.0.1 (18 bytes) @ 0x000002a65482d30c [0x000002a65482d200+0x000000000000010c]
j  java.util.stream.FindOps$FindOp.evaluateSequential(Ljava/util/stream/PipelineHelper;Ljava/util/Spliterator;)Ljava/lang/Object;+14 java.base@12.0.1
J 4555 c2 java.util.stream.AbstractPipeline.evaluate(Ljava/util/stream/TerminalOp;)Ljava/lang/Object; java.base@12.0.1 (94 bytes) @ 0x000002a65ba49afc [0x000002a65ba49820+0x00000000000002dc]
j  java.util.stream.ReferencePipeline.findFirst()Ljava/util/Optional;+5 java.base@12.0.1
j  java.util.logging.LogRecord$CallerFinder.lambda$get$1(Ljava/util/stream/Stream;)Ljava/util/Optional;+7 java.logging@12.0.1
j  java.util.logging.LogRecord$CallerFinder$$Lambda$258.apply(Ljava/lang/Object;)Ljava/lang/Object;+8 java.logging@12.0.1
j  java.lang.StackStreamFactory$StackFrameTraverser.consumeFrames()Ljava/lang/Object;+25 java.base@12.0.1
j  java.lang.StackStreamFactory$AbstractStackWalker.doStackWalk(JIIII)Ljava/lang/Object;+78 java.base@12.0.1
v  ~StubRoutines::call_stub
j  java.lang.StackStreamFactory$AbstractStackWalker.callStackWalk(JIII[Ljava/lang/Object;)Ljava/lang/Object;+0 java.base@12.0.1
j  java.lang.StackStreamFactory$AbstractStackWalker.beginStackWalk()Ljava/lang/Object;+31 java.base@12.0.1
j  java.lang.StackStreamFactory$AbstractStackWalker.walk()Ljava/lang/Object;+8 java.base@12.0.1
j  java.lang.StackWalker.walk(Ljava/util/function/Function;)Ljava/lang/Object;+10 java.base@12.0.1
j  java.util.logging.LogRecord$CallerFinder.get()Ljava/util/Optional;+9 java.logging@12.0.1
j  java.util.logging.LogRecord.inferCaller()V+12 java.logging@12.0.1
j  java.util.logging.LogRecord.getSourceClassName()Ljava/lang/String;+8 java.logging@12.0.1
j  com.airepublic.microprofile.feature.logging.java.DefaultFormatter.format(Ljava/util/logging/LogRecord;)Ljava/lang/String;+12 com.airepublic.microprofile.feature.logging.java
j  java.util.logging.StreamHandler.publish(Ljava/util/logging/LogRecord;)V+14 java.logging@12.0.1
j  java.util.logging.ConsoleHandler.publish(Ljava/util/logging/LogRecord;)V+2 java.logging@12.0.1
J 4137 c1 java.util.logging.Logger.log(Ljava/util/logging/LogRecord;)V java.logging@12.0.1 (153 bytes) @ 0x000002a65488185c [0x000002a6548810e0+0x000000000000077c]
J 4143 c1 java.util.logging.Logger.doLog(Ljava/util/logging/LogRecord;)V java.logging@12.0.1 (50 bytes) @ 0x000002a65480b2a4 [0x000002a65480ae00+0x00000000000004a4]
J 4373 c1 java.util.logging.Logger.log(Ljava/util/logging/Level;Ljava/lang/String;)V java.logging@12.0.1 (25 bytes) @ 0x000002a654a5ee04 [0x000002a654a5eb00+0x0000000000000304]
j  java.util.logging.Logger.info(Ljava/lang/String;)V+5 java.logging@12.0.1
j  com.airepublic.microprofile.core.ChannelProcessor.close()V+62 com.airepublic.microprofile.core
j  com.airepublic.microprofile.core.ChannelProcessor.run()V+214 com.airepublic.microprofile.core
j  java.util.concurrent.ForkJoinTask$AdaptedRunnableAction.exec()Z+4 java.base@12.0.1
J 3207 c1 java.util.concurrent.ForkJoinTask.doExec()I java.base@12.0.1 (37 bytes) @ 0x000002a65425d69c [0x000002a65425d600+0x000000000000009c]
J 3256 c1 java.util.concurrent.ForkJoinPool$WorkQueue.topLevelExec(Ljava/util/concurrent/ForkJoinTask;Ljava/util/concurrent/ForkJoinPool$WorkQueue;I)V java.base@12.0.1 (86 bytes) @ 0x000002a654270e14 [0x000002a654270c80+0x0000000000000194]
J 2489 c1 java.util.concurrent.ForkJoinPool.scan(Ljava/util/concurrent/ForkJoinPool$WorkQueue;I)Z java.base@12.0.1 (209 bytes) @ 0x000002a6547b8d5c [0x000002a6547b7640+0x000000000000171c]
j  java.util.concurrent.ForkJoinPool.runWorker(Ljava/util/concurrent/ForkJoinPool$WorkQueue;)V+25 java.base@12.0.1
j  java.util.concurrent.ForkJoinWorkerThread.run()V+24 java.base@12.0.1
v  ~StubRoutines::call_stub

siginfo: EXCEPTION_ACCESS_VIOLATION (0xc0000005), reading address 0x0000000000000008


Register to memory mapping:

RIP=0x00007ff934469bbb jvm.dll
RAX=0x0000000000000010 is an unknown value
RBX=0x000002a67f327718 points into unknown readable memory: 58 cd 27 06 04 00 00 00
RCX=0x000000040627cd58 points into unknown readable memory: 05 00 00 00 00 00 00 00
RDX=0x0000000000000010 is an unknown value
RSP=0x000000ac826fa980 is pointing into the stack for thread: 0x000002a61183e800
RBP=0x000000040627cd58 points into unknown readable memory: 05 00 00 00 00 00 00 00
RSI=0x0 is NULL
RDI=0x000002a64b897220 points into unknown readable memory: 01 00 00 00 00 00 00 00
R8 =0x0 is NULL
R9 ={method} {0x000002a615d48ff0} 'lambda$1' '(Ljava/nio/ByteBuffer;)Z' in 'com/airepublic/microprofile/core/ChannelProcessor'
R10=0x0000000000000017 is an unknown value
R11=0x0000000000000017 is an unknown value
R12=0x00000000000000d6 is an unknown value
R13=0x0000000801357460 is a pointer to class: 
com.airepublic.microprofile.core.ChannelProcessor {0x0000000801357468}
R14=0x0000000801357460 is a pointer to class: 
com.airepublic.microprofile.core.ChannelProcessor {0x0000000801357468}
R15=0x000002a61183e800 is a thread


Registers:
RAX=0x0000000000000010, RBX=0x000002a67f327718, RCX=0x000000040627cd58, RDX=0x0000000000000010
RSP=0x000000ac826fa980, RBP=0x000000040627cd58, RSI=0x0000000000000000, RDI=0x000002a64b897220
R8 =0x0000000000000000, R9 =0x000002a615d48fe8, R10=0x0000000000000017, R11=0x0000000000000017
R12=0x00000000000000d6, R13=0x0000000801357460, R14=0x0000000801357460, R15=0x000002a61183e800
RIP=0x00007ff934469bbb, EFLAGS=0x0000000000010206

Top of Stack: (sp=0x000000ac826fa980)
0x000000ac826fa980:   00006445db9172b6 000000000000003e
0x000000ac826fa990:   000002a61183e800 000002a6123ea700
0x000000ac826fa9a0:   000002a61183e800 00007ff934171ed3
0x000000ac826fa9b0:   000000040627cd58 000002a6123ea700
0x000000ac826fa9c0:   000000ac826faa00 0000000000000000
0x000000ac826fa9d0:   0000000000000005 00007ff934304499
0x000000ac826fa9e0:   000002a67f327718 0000000000000000
0x000000ac826fa9f0:   000000ac826faa60 000002a6123ea700
0x000000ac826faa00:   000002a6123ea700 000002a61183e800
0x000000ac826faa10:   000000ac826fab38 000002a61183e800
0x000000ac826faa20:   000000ac826fbcb0 00000000000000d6
0x000000ac826faa30:   000002a67f327708 00007ff9341755f6
0x000000ac826faa40:   000002a67f327710 000000040627cb48
0x000000ac826faa50:   000002a61183e800 000002a61183e800
0x000000ac826faa60:   0000000801357460 0000000801357460
0x000000ac826faa70:   000002a6123ea700 000002a61183e800 

Instructions: (pc=0x00007ff934469bbb)
0x00007ff934469b9b:   2e 48 8b 48 18 e8 8b cf ce ff 48 8b f0 48 85 db
0x00007ff934469bab:   74 03 48 8b 2b 48 8b d0 48 8b cd e8 75 c0 d0 ff
0x00007ff934469bbb:   48 8b 46 08 4c 8b c3 48 8b d6 48 8b 48 08 48 8b
0x00007ff934469bcb:   41 18 b9 00 80 00 00 66 09 88 3a 01 00 00 48 8b 


Stack slot to memory mapping:
stack at sp + 0 slots: 0x00006445db9172b6 is an unknown value
stack at sp + 1 slots: 0x000000000000003e is an unknown value
stack at sp + 2 slots: 0x000002a61183e800 is a thread
stack at sp + 3 slots: {method} {0x000002a6123ea708} 'run' '()V' in 'com/airepublic/microprofile/core/ChannelProcessor'
stack at sp + 4 slots: 0x000002a61183e800 is a thread
stack at sp + 5 slots: 0x00007ff934171ed3 jvm.dll
stack at sp + 6 slots: 0x000000040627cd58 points into unknown readable memory: 05 00 00 00 00 00 00 00
stack at sp + 7 slots: {method} {0x000002a6123ea708} 'run' '()V' in 'com/airepublic/microprofile/core/ChannelProcessor'


---------------  P R O C E S S  ---------------

Threads class SMR info:
_java_thread_list=0x000002a61496bc80, length=24, elements={
0x000002a64b89b000, 0x000002a67c0ab000, 0x000002a67c0ac800, 0x000002a67c0c5800,
0x000002a67c0c6800, 0x000002a67c0cb000, 0x000002a67c0cf000, 0x000002a67c0d2800,
0x000002a67c276800, 0x000002a67d291800, 0x000002a67d198800, 0x000002a67cfcc000,
0x000002a67d3ee800, 0x000002a67e00d800, 0x000002a610f6e800, 0x000002a610870000,
0x000002a6121ad000, 0x000002a67e911000, 0x000002a610636800, 0x000002a61183e800,
0x000002a6116c3000, 0x000002a611a0a800, 0x000002a6118bc000, 0x000002a61166b000
}

Java Threads: ( => current thread )
  0x000002a64b89b000 JavaThread "main" [_thread_in_native, id=13236, stack(0x000000ac80100000,0x000000ac80200000)]
  0x000002a67c0ab000 JavaThread "Reference Handler" daemon [_thread_blocked, id=14464, stack(0x000000ac80800000,0x000000ac80900000)]
  0x000002a67c0ac800 JavaThread "Finalizer" daemon [_thread_blocked, id=8796, stack(0x000000ac80900000,0x000000ac80a00000)]
  0x000002a67c0c5800 JavaThread "Signal Dispatcher" daemon [_thread_blocked, id=7700, stack(0x000000ac80a00000,0x000000ac80b00000)]
  0x000002a67c0c6800 JavaThread "Attach Listener" daemon [_thread_blocked, id=7048, stack(0x000000ac80b00000,0x000000ac80c00000)]
  0x000002a67c0cb000 JavaThread "C2 CompilerThread0" daemon [_thread_blocked, id=15876, stack(0x000000ac80c00000,0x000000ac80d00000)]
  0x000002a67c0cf000 JavaThread "C1 CompilerThread0" daemon [_thread_blocked, id=10424, stack(0x000000ac80d00000,0x000000ac80e00000)]
  0x000002a67c0d2800 JavaThread "Sweeper thread" daemon [_thread_blocked, id=8524, stack(0x000000ac80e00000,0x000000ac80f00000)]
  0x000002a67c276800 JavaThread "Common-Cleaner" daemon [_thread_blocked, id=6656, stack(0x000000ac81000000,0x000000ac81100000)]
  0x000002a67d291800 JavaThread "JDWP Transport Listener: dt_socket" daemon [_thread_blocked, id=4180, stack(0x000000ac81200000,0x000000ac81300000)]
  0x000002a67d198800 JavaThread "JDWP Event Helper Thread" daemon [_thread_blocked, id=9640, stack(0x000000ac81300000,0x000000ac81400000)]
  0x000002a67cfcc000 JavaThread "JDWP Command Reader" daemon [_thread_in_native, id=1884, stack(0x000000ac81400000,0x000000ac81500000)]
  0x000002a67d3ee800 JavaThread "Service Thread" daemon [_thread_blocked, id=16048, stack(0x000000ac81500000,0x000000ac81600000)]
  0x000002a67e00d800 JavaThread "ForkJoinPool.commonPool-worker-19" daemon [_thread_blocked, id=16244, stack(0x000000ac82000000,0x000000ac82100000)]
  0x000002a610f6e800 JavaThread "ForkJoinPool.commonPool-worker-5" daemon [_thread_blocked, id=15016, stack(0x000000ac82100000,0x000000ac82200000)]
  0x000002a610870000 JavaThread "ForkJoinPool.commonPool-worker-9" daemon [_thread_blocked, id=13708, stack(0x000000ac82200000,0x000000ac82300000)]
  0x000002a6121ad000 JavaThread "ForkJoinPool.commonPool-worker-23" daemon [_thread_blocked, id=12832, stack(0x000000ac82300000,0x000000ac82400000)]
  0x000002a67e911000 JavaThread "ForkJoinPool.commonPool-worker-27" daemon [_thread_blocked, id=11556, stack(0x000000ac82400000,0x000000ac82500000)]
  0x000002a610636800 JavaThread "ForkJoinPool.commonPool-worker-13" daemon [_thread_blocked, id=1780, stack(0x000000ac82500000,0x000000ac82600000)]
=>0x000002a61183e800 JavaThread "ForkJoinPool.commonPool-worker-31" daemon [_thread_in_vm, id=412, stack(0x000000ac82600000,0x000000ac82700000)]
  0x000002a6116c3000 JavaThread "ForkJoinPool.commonPool-worker-3" daemon [_thread_blocked, id=15828, stack(0x000000ac82700000,0x000000ac82800000)]
  0x000002a611a0a800 JavaThread "ForkJoinPool.commonPool-worker-17" daemon [_thread_blocked, id=14952, stack(0x000000ac82800000,0x000000ac82900000)]
  0x000002a6118bc000 JavaThread "ForkJoinPool.commonPool-worker-21" daemon [_thread_blocked, id=16560, stack(0x000000ac82900000,0x000000ac82a00000)]
  0x000002a61166b000 JavaThread "ForkJoinPool.commonPool-worker-7" daemon [_thread_blocked, id=17300, stack(0x000000ac82a00000,0x000000ac82b00000)]

Other Threads:
  0x000002a67c0aa000 VMThread "VM Thread" [stack: 0x000000ac80700000,0x000000ac80800000] [id=15052]
  0x000002a67d0f7800 WatcherThread [stack: 0x000000ac81600000,0x000000ac81700000] [id=15356]
  0x000002a679290800 GCTaskThread "GC Thread#0" [stack: 0x000000ac80200000,0x000000ac80300000] [id=1020]
  0x000002a67eb8e000 GCTaskThread "GC Thread#1" [stack: 0x000000ac81700000,0x000000ac81800000] [id=17364]
  0x000002a67eab8000 GCTaskThread "GC Thread#2" [stack: 0x000000ac81800000,0x000000ac81900000] [id=10532]
  0x000002a67eb82800 GCTaskThread "GC Thread#3" [stack: 0x000000ac81900000,0x000000ac81a00000] [id=12916]
  0x000002a67f71d800 GCTaskThread "GC Thread#4" [stack: 0x000000ac81a00000,0x000000ac81b00000] [id=14864]
  0x000002a67f71e000 GCTaskThread "GC Thread#5" [stack: 0x000000ac81b00000,0x000000ac81c00000] [id=14480]
  0x000002a67d795800 GCTaskThread "GC Thread#6" [stack: 0x000000ac81c00000,0x000000ac81d00000] [id=11160]
  0x000002a67d796000 GCTaskThread "GC Thread#7" [stack: 0x000000ac81d00000,0x000000ac81e00000] [id=10072]
  0x000002a67d516800 GCTaskThread "GC Thread#8" [stack: 0x000000ac81e00000,0x000000ac81f00000] [id=1576]
  0x000002a67d517000 GCTaskThread "GC Thread#9" [stack: 0x000000ac81f00000,0x000000ac82000000] [id=6980]
  0x000002a6792a9800 ConcurrentGCThread "G1 Main Marker" [stack: 0x000000ac80300000,0x000000ac80400000] [id=12176]
  0x000002a6792ac000 ConcurrentGCThread "G1 Conc#0" [stack: 0x000000ac80400000,0x000000ac80500000] [id=11388]
  0x000002a6103ac000 ConcurrentGCThread "G1 Conc#1" [stack: 0x000000ac82b00000,0x000000ac82c00000] [id=7632]
  0x000002a61000c800 ConcurrentGCThread "G1 Conc#2" [stack: 0x000000ac82c00000,0x000000ac82d00000] [id=11984]
  0x000002a679470000 ConcurrentGCThread "G1 Refine#0" [stack: 0x000000ac80500000,0x000000ac80600000] [id=11580]
  0x000002a679471000 ConcurrentGCThread "G1 Young RemSet Sampling" [stack: 0x000000ac80600000,0x000000ac80700000] [id=17168]

Threads with active compile tasks:

VM state:not at safepoint (normal execution)

VM Mutex/Monitor currently owned by a thread:  ([mutex/lock_event])
[0x000002a64b897220] ResolvedMethodTable_lock - owner thread: 0x000002a61183e800

Heap address: 0x0000000401800000, size: 16360 MB, Compressed Oops mode: Zero based, Oop shift amount: 3
Narrow klass base: 0x0000000800000000, Narrow klass shift: 3
Compressed class space size: 1073741824 Address: 0x00000008011a0000

Heap:
 garbage-first heap   total 81920K, used 25121K [0x0000000401800000, 0x0000000800000000)
  region size 4096K, 5 young (20480K), 2 survivors (8192K)
 Metaspace       used 35270K, capacity 36001K, committed 36272K, reserved 1081344K
  class space    used 4497K, capacity 4777K, committed 4864K, reserved 1048576K
Heap Regions: E=young(eden), S=young(survivor), O=old, HS=humongous(starts), HC=humongous(continues), CS=collection set, F=free, A=archive, TAMS=top-at-mark-start (previous, next)
|   0|0x0000000401800000, 0x0000000401c00000, 0x0000000401c00000|100%| O|  |TAMS 0x0000000401c00000, 0x0000000401800000| Untracked 
|   1|0x0000000401c00000, 0x0000000402000000, 0x0000000402000000|100%| O|  |TAMS 0x0000000402000000, 0x0000000401c00000| Untracked 
|   2|0x0000000402000000, 0x00000004021c3e00, 0x0000000402400000| 44%| O|  |TAMS 0x0000000402117a00, 0x0000000402000000| Untracked 
|   3|0x0000000402400000, 0x0000000402400000, 0x0000000402800000|  0%| F|  |TAMS 0x0000000402400000, 0x0000000402400000| Untracked 
|   4|0x0000000402800000, 0x0000000402800000, 0x0000000402c00000|  0%| F|  |TAMS 0x0000000402800000, 0x0000000402800000| Untracked 
|   5|0x0000000402c00000, 0x0000000402c00000, 0x0000000403000000|  0%| F|  |TAMS 0x0000000402c00000, 0x0000000402c00000| Untracked 
|   6|0x0000000403000000, 0x0000000403000000, 0x0000000403400000|  0%| F|  |TAMS 0x0000000403000000, 0x0000000403000000| Untracked 
|   7|0x0000000403400000, 0x0000000403400000, 0x0000000403800000|  0%| F|  |TAMS 0x0000000403400000, 0x0000000403400000| Untracked 
|   8|0x0000000403800000, 0x0000000403ac4650, 0x0000000403c00000| 69%| S|CS|TAMS 0x0000000403800000, 0x0000000403800000| Complete 
|   9|0x0000000403c00000, 0x0000000404000000, 0x0000000404000000|100%| S|CS|TAMS 0x0000000403c00000, 0x0000000403c00000| Complete 
|  10|0x0000000404000000, 0x0000000404000000, 0x0000000404400000|  0%| F|  |TAMS 0x0000000404000000, 0x0000000404000000| Untracked 
|  11|0x0000000404400000, 0x0000000404400000, 0x0000000404800000|  0%| F|  |TAMS 0x0000000404400000, 0x0000000404400000| Untracked 
|  12|0x0000000404800000, 0x0000000404800000, 0x0000000404c00000|  0%| F|  |TAMS 0x0000000404800000, 0x0000000404800000| Untracked 
|  13|0x0000000404c00000, 0x0000000404c00000, 0x0000000405000000|  0%| F|  |TAMS 0x0000000404c00000, 0x0000000404c00000| Untracked 
|  14|0x0000000405000000, 0x0000000405000000, 0x0000000405400000|  0%| F|  |TAMS 0x0000000405000000, 0x0000000405000000| Untracked 
|  15|0x0000000405400000, 0x0000000405400000, 0x0000000405800000|  0%| F|  |TAMS 0x0000000405400000, 0x0000000405400000| Untracked 
|  16|0x0000000405800000, 0x0000000405800000, 0x0000000405c00000|  0%| F|  |TAMS 0x0000000405800000, 0x0000000405800000| Untracked 
|  17|0x0000000405c00000, 0x0000000405e00800, 0x0000000406000000| 50%| E|  |TAMS 0x0000000405c00000, 0x0000000405c00000| Complete 
|  18|0x0000000406000000, 0x0000000406400000, 0x0000000406400000|100%| E|CS|TAMS 0x0000000406000000, 0x0000000406000000| Complete 
| 255|0x0000000441400000, 0x0000000441800000, 0x0000000441800000|100%| E|CS|TAMS 0x0000000441400000, 0x0000000441400000| Complete 

Card table byte_map: [0x000002a6651e0000,0x000002a6671e0000] _byte_map_base: 0x000002a6631d4000

Marking Bits (Prev, Next): (CMBitMap*) 0x000002a679290fe8, (CMBitMap*) 0x000002a679291028
 Prev Bits: [0x000002a6691e0000, 0x000002a679180000)
 Next Bits: [0x000002a600000000, 0x000002a60ffa0000)

Polling page: 0x000002a649730000

Metaspace:

Usage:
  Non-class:     30.49 MB capacity,    30.05 MB ( 99%) used,   364.75 KB (  1%) free+waste,    85.31 KB ( <1%) overhead. 
      Class:      4.67 MB capacity,     4.39 MB ( 94%) used,   240.56 KB (  5%) free+waste,    39.44 KB ( <1%) overhead. 
       Both:     35.16 MB capacity,    34.44 MB ( 98%) used,   605.31 KB (  2%) free+waste,   124.75 KB ( <1%) overhead. 

Virtual space:
  Non-class space:       32.00 MB reserved,      30.67 MB ( 96%) committed 
      Class space:        1.00 GB reserved,       4.75 MB ( <1%) committed 
             Both:        1.03 GB reserved,      35.42 MB (  3%) committed 

Chunk freelists:
   Non-Class:  0 bytes
       Class:  0 bytes
        Both:  0 bytes

CodeHeap 'non-profiled nmethods': size=120000Kb used=3087Kb max_used=3087Kb free=116912Kb
 bounds [0x000002a65b760000, 0x000002a65ba70000, 0x000002a662c90000]
CodeHeap 'profiled nmethods': size=120000Kb used=9205Kb max_used=9205Kb free=110794Kb
 bounds [0x000002a654230000, 0x000002a654b40000, 0x000002a65b760000]
CodeHeap 'non-nmethods': size=5760Kb used=1279Kb max_used=1413Kb free=4480Kb
 bounds [0x000002a653c90000, 0x000002a653f00000, 0x000002a654230000]
 total_blobs=6291 nmethods=4298 adapters=451
 compilation: enabled
              stopped_count=0, restarted_count=0
 full_count=0

Compilation events (10 events):
Event: 9.346 Thread 0x000002a67c0cf000 nmethod 4756 0x000002a654b32310 code [0x000002a654b32540, 0x000002a654b32f00]
Event: 9.346 Thread 0x000002a67c0cf000 4755       3       java.lang.StringBuffer::<init> (7 bytes)
Event: 9.347 Thread 0x000002a67c0cf000 nmethod 4755 0x000002a654b33110 code [0x000002a654b332e0, 0x000002a654b334b0]
Event: 9.347 Thread 0x000002a67c0cb000 nmethod 4748 0x000002a65ba63390 code [0x000002a65ba63560, 0x000002a65ba639b8]
Event: 14.336 Thread 0x000002a67c0cf000 4757       3       java.time.temporal.ChronoField::checkValidValue (10 bytes)
Event: 14.337 Thread 0x000002a67c0cf000 nmethod 4757 0x000002a654b33590 code [0x000002a654b337a0, 0x000002a654b33c20]
Event: 14.337 Thread 0x000002a67c0cf000 4759       3       java.time.temporal.ChronoField::isTimeBased (19 bytes)
Event: 14.337 Thread 0x000002a67c0cf000 nmethod 4759 0x000002a654b33e10 code [0x000002a654b33fe0, 0x000002a654b341f8]
Event: 14.337 Thread 0x000002a67c0cf000 4758       3       java.time.temporal.ValueRange::checkValidValue (24 bytes)
Event: 14.337 Thread 0x000002a67c0cf000 nmethod 4758 0x000002a654b34310 code [0x000002a654b34500, 0x000002a654b348e0]

GC Heap History (10 events):
Event: 2.609 GC heap before
{Heap before GC invocations=5 (full 0):
 garbage-first heap   total 69632K, used 43984K [0x0000000401800000, 0x0000000800000000)
  region size 4096K, 9 young (36864K), 1 survivors (4096K)
 Metaspace       used 27596K, capacity 28238K, committed 28336K, reserved 1075200K
  class space    used 3291K, capacity 3536K, committed 3584K, reserved 1048576K
}
Event: 2.611 GC heap after
{Heap after GC invocations=6 (full 0):
 garbage-first heap   total 69632K, used 11502K [0x0000000401800000, 0x0000000800000000)
  region size 4096K, 1 young (4096K), 1 survivors (4096K)
 Metaspace       used 27596K, capacity 28238K, committed 28336K, reserved 1075200K
  class space    used 3291K, capacity 3536K, committed 3584K, reserved 1048576K
}
Event: 2.768 GC heap before
{Heap before GC invocations=6 (full 0):
 garbage-first heap   total 69632K, used 44270K [0x0000000401800000, 0x0000000800000000)
  region size 4096K, 9 young (36864K), 1 survivors (4096K)
 Metaspace       used 30195K, capacity 30865K, committed 31024K, reserved 1077248K
  class space    used 3685K, capacity 3921K, committed 3968K, reserved 1048576K
}
Event: 2.770 GC heap after
{Heap after GC invocations=7 (full 0):
 garbage-first heap   total 69632K, used 11642K [0x0000000401800000, 0x0000000800000000)
  region size 4096K, 1 young (4096K), 1 survivors (4096K)
 Metaspace       used 30195K, capacity 30865K, committed 31024K, reserved 1077248K
  class space    used 3685K, capacity 3921K, committed 3968K, reserved 1048576K
}
Event: 2.937 GC heap before
{Heap before GC invocations=7 (full 0):
 garbage-first heap   total 69632K, used 44410K [0x0000000401800000, 0x0000000800000000)
  region size 4096K, 9 young (36864K), 1 survivors (4096K)
 Metaspace       used 32923K, capacity 33589K, committed 33712K, reserved 1079296K
  class space    used 4058K, capacity 4317K, committed 4352K, reserved 1048576K
}
Event: 2.941 GC heap after
{Heap after GC invocations=8 (full 0):
 garbage-first heap   total 69632K, used 12194K [0x0000000401800000, 0x0000000800000000)
  region size 4096K, 1 young (4096K), 1 survivors (4096K)
 Metaspace       used 32923K, capacity 33589K, committed 33712K, reserved 1079296K
  class space    used 4058K, capacity 4317K, committed 4352K, reserved 1048576K
}
Event: 3.048 GC heap before
{Heap before GC invocations=8 (full 0):
 garbage-first heap   total 69632K, used 44962K [0x0000000401800000, 0x0000000800000000)
  region size 4096K, 9 young (36864K), 1 survivors (4096K)
 Metaspace       used 34437K, capacity 35163K, committed 35376K, reserved 1079296K
  class space    used 4396K, capacity 4673K, committed 4736K, reserved 1048576K
}
Event: 3.053 GC heap after
{Heap after GC invocations=9 (full 0):
 garbage-first heap   total 69632K, used 14157K [0x0000000401800000, 0x0000000800000000)
  region size 4096K, 2 young (8192K), 2 survivors (8192K)
 Metaspace       used 34437K, capacity 35163K, committed 35376K, reserved 1079296K
  class space    used 4396K, capacity 4673K, committed 4736K, reserved 1048576K
}
Event: 3.103 GC heap before
{Heap before GC invocations=9 (full 0):
 garbage-first heap   total 69632K, used 38733K [0x0000000401800000, 0x0000000800000000)
  region size 4096K, 9 young (36864K), 2 survivors (8192K)
 Metaspace       used 34901K, capacity 35673K, committed 35888K, reserved 1081344K
  class space    used 4465K, capacity 4733K, committed 4736K, reserved 1048576K
}
Event: 3.113 GC heap after
{Heap after GC invocations=10 (full 0):
 garbage-first heap   total 561152K, used 16929K [0x0000000401800000, 0x0000000800000000)
  region size 4096K, 2 young (8192K), 2 survivors (8192K)
 Metaspace       used 34901K, capacity 35673K, committed 35888K, reserved 1081344K
  class space    used 4465K, capacity 4733K, committed 4736K, reserved 1048576K
}

Deoptimization events (10 events):
Event: 3.094 Thread 0x000002a64b89b000 Uncommon trap: reason=class_check action=make_not_entrant pc=0x000002a65b97a320 method=java.util.ArrayList.toArray([Ljava/lang/Object;)[Ljava/lang/Object; @ 21 c2
Event: 3.144 Thread 0x000002a64b89b000 Uncommon trap: reason=class_check action=maybe_recompile pc=0x000002a65ba2d5e4 method=java.util.stream.ReferencePipeline.forEachWithCancel(Ljava/util/Spliterator;Ljava/util/stream/Sink;)Z @ 1 c2
Event: 3.146 Thread 0x000002a64b89b000 Uncommon trap: reason=class_check action=maybe_recompile pc=0x000002a65ba2d5e4 method=java.util.stream.ReferencePipeline.forEachWithCancel(Ljava/util/Spliterator;Ljava/util/stream/Sink;)Z @ 1 c2
Event: 3.146 Thread 0x000002a64b89b000 Uncommon trap: reason=class_check action=maybe_recompile pc=0x000002a65ba2d5e4 method=java.util.stream.ReferencePipeline.forEachWithCancel(Ljava/util/Spliterator;Ljava/util/stream/Sink;)Z @ 1 c2
Event: 3.146 Thread 0x000002a64b89b000 Uncommon trap: reason=class_check action=maybe_recompile pc=0x000002a65ba2d5e4 method=java.util.stream.ReferencePipeline.forEachWithCancel(Ljava/util/Spliterator;Ljava/util/stream/Sink;)Z @ 1 c2
Event: 3.147 Thread 0x000002a64b89b000 Uncommon trap: reason=class_check action=maybe_recompile pc=0x000002a65ba30560 method=java.util.stream.ReferencePipeline.forEachWithCancel(Ljava/util/Spliterator;Ljava/util/stream/Sink;)Z @ 1 c2
Event: 9.343 Thread 0x000002a61183e800 Uncommon trap: reason=bimorphic_or_optimized_type_check action=maybe_recompile pc=0x000002a65b9731dc method=java.util.HashMap.putVal(ILjava/lang/Object;Ljava/lang/Object;ZZ)Ljava/lang/Object; @ 152 c2
Event: 9.343 Thread 0x000002a61183e800 Uncommon trap: reason=bimorphic_or_optimized_type_check action=maybe_recompile pc=0x000002a65b9731dc method=java.util.HashMap.putVal(ILjava/lang/Object;Ljava/lang/Object;ZZ)Ljava/lang/Object; @ 152 c2
Event: 9.343 Thread 0x000002a61183e800 Uncommon trap: reason=bimorphic_or_optimized_type_check action=maybe_recompile pc=0x000002a65b9731dc method=java.util.HashMap.putVal(ILjava/lang/Object;Ljava/lang/Object;ZZ)Ljava/lang/Object; @ 152 c2
Event: 66.143 Thread 0x000002a67d291800 Uncommon trap: reason=unstable_if action=reinterpret pc=0x000002a65ba1670c method=sun.instrument.InstrumentationImpl.transform(Ljava/lang/Module;Ljava/lang/ClassLoader;Ljava/lang/String;Ljava/lang/Class;Ljava/security/ProtectionDomain;[BZ)[B @ 24 c2

Classes redefined (1 events):
Event: 66.166 Thread 0x000002a67c0aa000 redefined class name=com.airepublic.microprofile.core.ChannelProcessor, count=1

Internal exceptions (10 events):
Event: 3.163 Thread 0x000002a64b89b000 Exception <a 'sun/nio/fs/WindowsException'{0x0000000406345518}> (0x0000000406345518) thrown at [t:/workspace/open/src/hotspot/share/prims/jni.cpp, line 615]
Event: 3.163 Thread 0x000002a64b89b000 Exception <a 'sun/nio/fs/WindowsException'{0x0000000406345ee8}> (0x0000000406345ee8) thrown at [t:/workspace/open/src/hotspot/share/prims/jni.cpp, line 615]
Event: 3.163 Thread 0x000002a64b89b000 Exception <a 'sun/nio/fs/WindowsException'{0x0000000406346978}> (0x0000000406346978) thrown at [t:/workspace/open/src/hotspot/share/prims/jni.cpp, line 615]
Event: 3.164 Thread 0x000002a64b89b000 Exception <a 'sun/nio/fs/WindowsException'{0x00000004063475c0}> (0x00000004063475c0) thrown at [t:/workspace/open/src/hotspot/share/prims/jni.cpp, line 615]
Event: 3.164 Thread 0x000002a64b89b000 Exception <a 'sun/nio/fs/WindowsException'{0x0000000406347e28}> (0x0000000406347e28) thrown at [t:/workspace/open/src/hotspot/share/prims/jni.cpp, line 615]
Event: 3.164 Thread 0x000002a64b89b000 Exception <a 'sun/nio/fs/WindowsException'{0x00000004063488b8}> (0x00000004063488b8) thrown at [t:/workspace/open/src/hotspot/share/prims/jni.cpp, line 615]
Event: 3.164 Thread 0x000002a64b89b000 Exception <a 'sun/nio/fs/WindowsException'{0x0000000406349258}> (0x0000000406349258) thrown at [t:/workspace/open/src/hotspot/share/prims/jni.cpp, line 615]
Event: 3.164 Thread 0x000002a64b89b000 Exception <a 'sun/nio/fs/WindowsException'{0x0000000406349a90}> (0x0000000406349a90) thrown at [t:/workspace/open/src/hotspot/share/prims/jni.cpp, line 615]
Event: 9.347 Thread 0x000002a61183e800 Exception <a 'java/lang/NullPointerException'{0x0000000406277920}> (0x0000000406277920) thrown at [t:/workspace/open/src/hotspot/share/interpreter/linkResolver.cpp, line 1356]
Event: 14.337 Thread 0x000002a611a0a800 Exception <a 'java/lang/NullPointerException'{0x00000004416be3d0}> (0x00000004416be3d0) thrown at [t:/workspace/open/src/hotspot/share/interpreter/linkResolver.cpp, line 1438]

Events (10 events):
Event: 14.336 loading class javax/enterprise/context/spi/Contextual done
Event: 14.336 loading class com/airepublic/microprofile/core/RequestContext
Event: 14.336 loading class com/airepublic/microprofile/core/RequestContext done
Event: 14.337 Thread 0x000002a611a0a800 DEOPT PACKING pc=0x000002a65425d69c sp=0x000000ac828fef50
Event: 14.337 Thread 0x000002a611a0a800 DEOPT UNPACKING pc=0x000002a653ccef4e sp=0x000000ac828fe408 mode 1
Event: 66.143 Thread 0x000002a67d291800 Uncommon trap: trap_request=0xffffff4d fr.pc=0x000002a65ba1670c relative=0x000000000000042c
Event: 66.143 Thread 0x000002a67d291800 DEOPT PACKING pc=0x000002a65ba1670c sp=0x000000ac812fe250
Event: 66.143 Thread 0x000002a67d291800 DEOPT UNPACKING pc=0x000002a653ccf12f sp=0x000000ac812fe2a8 mode 2
Event: 66.147 Executing VM operation: RedefineClasses
Event: 66.169 Executing VM operation: RedefineClasses done


Dynamic libraries:
0x00007ff7f0e70000 - 0x00007ff7f0e7d000 	C:\Program Files\Java\jdk-12\bin\javaw.exe
0x00007ff9602e0000 - 0x00007ff9604d0000 	C:\WINDOWS\SYSTEM32\ntdll.dll
0x00007ff95f5e0000 - 0x00007ff95f692000 	C:\WINDOWS\System32\KERNEL32.DLL
0x00007ff95dd30000 - 0x00007ff95dfd3000 	C:\WINDOWS\System32\KERNELBASE.dll
0x00007ff95d280000 - 0x00007ff95d37a000 	C:\WINDOWS\System32\ucrtbase.dll
0x00007ff9566b0000 - 0x00007ff9566c6000 	C:\Program Files\Java\jdk-12\bin\VCRUNTIME140.dll
0x00007ff956690000 - 0x00007ff9566a7000 	C:\Program Files\Java\jdk-12\bin\jli.dll
0x00007ff95f6a0000 - 0x00007ff95f833000 	C:\WINDOWS\System32\USER32.dll
0x00007ff95dd00000 - 0x00007ff95dd21000 	C:\WINDOWS\System32\win32u.dll
0x00007ff945a10000 - 0x00007ff945c95000 	C:\WINDOWS\WinSxS\amd64_microsoft.windows.common-controls_6595b64144ccf1df_6.0.18362.239_none_e6c7aebd130c7608\COMCTL32.dll
0x00007ff95f1a0000 - 0x00007ff95f1c6000 	C:\WINDOWS\System32\GDI32.dll
0x00007ff95e6e0000 - 0x00007ff95e77e000 	C:\WINDOWS\System32\msvcrt.dll
0x00007ff95e200000 - 0x00007ff95e394000 	C:\WINDOWS\System32\gdi32full.dll
0x00007ff95dfe0000 - 0x00007ff95e07e000 	C:\WINDOWS\System32\msvcp_win.dll
0x00007ff95f240000 - 0x00007ff95f576000 	C:\WINDOWS\System32\combase.dll
0x00007ff95e540000 - 0x00007ff95e660000 	C:\WINDOWS\System32\RPCRT4.dll
0x00007ff95e180000 - 0x00007ff95e200000 	C:\WINDOWS\System32\bcryptPrimitives.dll
0x00007ff95eac0000 - 0x00007ff95eaee000 	C:\WINDOWS\System32\IMM32.DLL
0x00007ff954720000 - 0x00007ff9547ca000 	C:\Program Files\Java\jdk-12\bin\msvcp140.dll
0x00007ff933dd0000 - 0x00007ff934944000 	C:\Program Files\Java\jdk-12\bin\server\jvm.dll
0x00007ff95f840000 - 0x00007ff95f8e3000 	C:\WINDOWS\System32\ADVAPI32.dll
0x00007ff95e7e0000 - 0x00007ff95e877000 	C:\WINDOWS\System32\sechost.dll
0x00007ff95ec40000 - 0x00007ff95ec48000 	C:\WINDOWS\System32\PSAPI.DLL
0x00007ff959bf0000 - 0x00007ff959bf9000 	C:\WINDOWS\SYSTEM32\WSOCK32.dll
0x00007ff952340000 - 0x00007ff952364000 	C:\WINDOWS\SYSTEM32\WINMM.dll
0x00007ff958c50000 - 0x00007ff958c5a000 	C:\WINDOWS\SYSTEM32\VERSION.dll
0x00007ff960080000 - 0x00007ff9600ef000 	C:\WINDOWS\System32\WS2_32.dll
0x00007ff9522d0000 - 0x00007ff9522fd000 	C:\WINDOWS\SYSTEM32\WINMMBASE.dll
0x00007ff95d380000 - 0x00007ff95d3ca000 	C:\WINDOWS\System32\cfgmgr32.dll
0x00007ff95d210000 - 0x00007ff95d221000 	C:\WINDOWS\System32\kernel.appcore.dll
0x00007ff9536d0000 - 0x00007ff9536e1000 	C:\Program Files\Java\jdk-12\bin\verify.dll
0x00007ff957470000 - 0x00007ff957664000 	C:\WINDOWS\SYSTEM32\DBGHELP.DLL
0x00007ff956e90000 - 0x00007ff956eba000 	C:\WINDOWS\SYSTEM32\dbgcore.DLL
0x00007ff945d10000 - 0x00007ff945d36000 	C:\Program Files\Java\jdk-12\bin\java.dll
0x00007ff955e10000 - 0x00007ff955e48000 	C:\Program Files\Java\jdk-12\bin\jdwp.dll
0x00007ff959c80000 - 0x00007ff959c8e000 	C:\Program Files\Java\jdk-12\bin\instrument.dll
0x00007ff952480000 - 0x00007ff952497000 	C:\Program Files\Java\jdk-12\bin\zip.dll
0x00007ff957990000 - 0x00007ff95799a000 	C:\Program Files\Java\jdk-12\bin\jimage.dll
0x00007ff95f9a0000 - 0x00007ff960080000 	C:\WINDOWS\System32\SHELL32.dll
0x00007ff95ea10000 - 0x00007ff95eab9000 	C:\WINDOWS\System32\shcore.dll
0x00007ff95d580000 - 0x00007ff95dcfb000 	C:\WINDOWS\System32\windows.storage.dll
0x00007ff95d1f0000 - 0x00007ff95d20f000 	C:\WINDOWS\System32\profapi.dll
0x00007ff95d230000 - 0x00007ff95d27a000 	C:\WINDOWS\System32\powrprof.dll
0x00007ff95d1c0000 - 0x00007ff95d1d0000 	C:\WINDOWS\System32\UMPDC.dll
0x00007ff95e4e0000 - 0x00007ff95e532000 	C:\WINDOWS\System32\shlwapi.dll
0x00007ff95e160000 - 0x00007ff95e177000 	C:\WINDOWS\System32\cryptsp.dll
0x00007ff9522b0000 - 0x00007ff9522c9000 	C:\Program Files\Java\jdk-12\bin\net.dll
0x00007ff954e20000 - 0x00007ff954f10000 	C:\WINDOWS\SYSTEM32\WINHTTP.dll
0x00007ff94ca40000 - 0x00007ff94cc16000 	C:\WINDOWS\SYSTEM32\urlmon.dll
0x00007ff94c5e0000 - 0x00007ff94c886000 	C:\WINDOWS\SYSTEM32\iertutil.dll
0x00007ff95cc00000 - 0x00007ff95cc0c000 	C:\WINDOWS\SYSTEM32\CRYPTBASE.DLL
0x00007ff95ca30000 - 0x00007ff95ca97000 	C:\WINDOWS\system32\mswsock.dll
0x00007ff944f40000 - 0x00007ff944f53000 	C:\Program Files\Java\jdk-12\bin\nio.dll
0x00007ff958e10000 - 0x00007ff958e1a000 	C:\Program Files\Java\jdk-12\bin\dt_socket.dll
0x00007ff95c7d0000 - 0x00007ff95c89a000 	C:\WINDOWS\SYSTEM32\DNSAPI.dll
0x00007ff95e880000 - 0x00007ff95e888000 	C:\WINDOWS\System32\NSI.dll
0x00007ff95c790000 - 0x00007ff95c7ca000 	C:\WINDOWS\SYSTEM32\IPHLPAPI.DLL
0x00007ff9556d0000 - 0x00007ff955747000 	C:\WINDOWS\System32\fwpuclnt.dll
0x00007ff95e130000 - 0x00007ff95e156000 	C:\WINDOWS\System32\bcrypt.dll
0x00007ff955320000 - 0x00007ff95532a000 	C:\Windows\System32\rasadhlp.dll
0x00007ff95c5f0000 - 0x00007ff95c623000 	C:\WINDOWS\system32\rsaenh.dll
0x00007ff95d0e0000 - 0x00007ff95d105000 	C:\WINDOWS\SYSTEM32\USERENV.dll
0x00007ff955a30000 - 0x00007ff955a46000 	C:\WINDOWS\SYSTEM32\dhcpcsvc6.DLL
0x00007ff955c90000 - 0x00007ff955cac000 	C:\WINDOWS\SYSTEM32\dhcpcsvc.DLL
0x00007ff952680000 - 0x00007ff95268e000 	C:\Program Files\Java\jdk-12\bin\sunmscapi.dll
0x00007ff95d3d0000 - 0x00007ff95d519000 	C:\WINDOWS\System32\CRYPT32.dll
0x00007ff95d1d0000 - 0x00007ff95d1e2000 	C:\WINDOWS\System32\MSASN1.dll
0x00007ff95cd00000 - 0x00007ff95cd26000 	C:\WINDOWS\SYSTEM32\ncrypt.dll
0x00007ff95ccc0000 - 0x00007ff95ccfb000 	C:\WINDOWS\SYSTEM32\NTASN1.dll
0x00007ff944a50000 - 0x00007ff944a77000 	C:\Program Files\Java\jdk-12\bin\sunec.dll
0x00007ff956190000 - 0x00007ff956199000 	C:\Program Files\Java\jdk-12\bin\management.dll
0x00007ff955e00000 - 0x00007ff955e0c000 	C:\Program Files\Java\jdk-12\bin\management_ext.dll
0x00007ff950620000 - 0x00007ff950636000 	C:\WINDOWS\system32\napinsp.dll
0x00007ff950250000 - 0x00007ff95026a000 	C:\WINDOWS\system32\pnrpnsp.dll
0x00007ff94f760000 - 0x00007ff94f76e000 	C:\WINDOWS\System32\winrnr.dll
0x00007ff957700000 - 0x00007ff95771c000 	C:\WINDOWS\system32\NLAapi.dll
0x00007ff94f620000 - 0x00007ff94f635000 	C:\WINDOWS\system32\wshbth.dll

dbghelp: loaded successfully - version: 4.0.5 - missing functions: none
symbol engine: initialized successfully - sym options: 0x614 - pdb path: .;C:\Program Files\Java\jdk-12\bin;C:\WINDOWS\SYSTEM32;C:\WINDOWS\WinSxS\amd64_microsoft.windows.common-controls_6595b64144ccf1df_6.0.18362.239_none_e6c7aebd130c7608;C:\Program Files\Java\jdk-12\bin\server

VM Arguments:
jvm_args: -agentlib:jdwp=transport=dt_socket,suspend=y,address=localhost:50742 --add-opens=java.base/java.lang=weld.core.impl -javaagent:D:\Development\eclipse\eclipse\configuration\org.eclipse.osgi\411\0\.cp\lib\javaagent-shaded.jar -Dfile.encoding=UTF-8 --module-path=D:\Development\projects\ai-republic\microprofile\sample\target\classes;D:\Development\projects\ai-republic\microprofile\server-core\target\classes;D:\Development\projects\ai-republic\microprofile\server-core-spi\target\classes;D:\Development\projects\ai-republic\microprofile\feature-logging-java\target\classes;D:\Development\projects\ai-republic\microprofile\module-http\target\classes;D:\Development\projects\ai-republic\microprofile\util-http-common\target\classes;D:\Development\projects\ai-republic\microprofile\plugin-http-jaxrs\target\classes;D:\Development\.m2\repository\jakarta\ws\rs\jakarta.ws.rs-api\2.1.5\jakarta.ws.rs-api-2.1.5.jar;D:\Development\.m2\repository\org\jboss\resteasy\resteasy-jaxrs\3.6.3.Final\resteasy-jaxrs-3.6.3.Final.jar;D:\Development\.m2\repository\org\jboss\spec\javax\xml\bind\jboss-jaxb-api_2.3_spec\1.0.1.Final\jboss-jaxb-api_2.3_spec-1.0.1.Final.jar;D:\Development\.m2\repository\org\jboss\logging\jboss-logging\3.3.2.Final\jboss-logging-3.3.2.Final.jar;D:\Development\.m2\repository\org\jboss\resteasy\resteasy-cdi\3.6.3.Final\resteasy-cdi-3.6.3.Final.jar;D:\Development\projects\ai-republic\microprofile\plugin-http-sse\target\classes;D:\Development\projects\ai-republic\microprofile\plugin-http-websocket\target\classes;D:\Development\.m2\repository\javax\websocket\javax.websocket-api\1.1\javax.websocket-api-1.1.jar;D:\Development\projects\ai-republic\microprofile\feature-cdi-weld\target\classes;D:\Development\.m2\repository\org\jboss\weld\se\weld-se-core\3.1.1.Final\weld-se-core-3.1.1.Final.jar;D:\Development\.m2\repository\org\jboss\weld\environment\weld-environment-common\3.1.1.Final\weld-environment-common-3.1.1.Final.jar;D:\Development\.m2\repository\org\jboss\weld\weld-core-impl\3.1.1.Final\weld-core-impl-3.1.1.Final.jar;D:\Development\.m2\repository\org\jboss\weld\weld-api\3.1.Final\weld-api-3.1.Final.jar;D:\Development\projects\ai-republic\microprofile\feature-mp-config\target\classes;D:\Development\.m2\repository\org\ec-Djdk.module.main=com.airepublic.microprofile.sample 
java_command: com.airepublic.microprofile.sample/com.airepublic.microprofile.javaserver.boot.Boot
java_class_path (initial): D:\Development\.m2\repository\org\wildfly\openssl\wildfly-openssl-java\1.0.6.Final\wildfly-openssl-java-1.0.6.Final.jar;D:\Development\.m2\repository\org\reactivestreams\reactive-streams\1.0.2\reactive-streams-1.0.2.jar;D:\Development\.m2\repository\javax\validation\validation-api\2.0.1.Final\validation-api-2.0.1.Final.jar;D:\Development\.m2\repository\javax\activation\activation\1.1.1\activation-1.1.1.jar;D:\Development\.m2\repository\org\apache\httpcomponents\httpclient\4.5.4\httpclient-4.5.4.jar;D:\Development\.m2\repository\org\apache\httpcomponents\httpcore\4.4.7\httpcore-4.4.7.jar;D:\Development\.m2\repository\commons-logging\commons-logging\1.2\commons-logging-1.2.jar;D:\Development\.m2\repository\commons-codec\commons-codec\1.10\commons-codec-1.10.jar;D:\Development\.m2\repository\commons-io\commons-io\2.5\commons-io-2.5.jar;D:\Development\.m2\repository\net\jcip\jcip-annotations\1.0\jcip-annotations-1.0.jar;D:\Development\.m2\repository\org\jboss\weld\weld-spi\3.1.Final\weld-spi-3.1.Final.jar;D:\Development\.m2\repository\org\jboss\weld\probe\weld-probe-core\3.1.1.Final\weld-probe-core-3.1.1.Final.jar;D:\Development\.m2\repository\org\jboss\classfilewriter\jboss-classfilewriter\1.2.4.Final\jboss-classfilewriter-1.2.4.Final.jar;D:\Development\.m2\repository\org\osgi\org.osgi.annotation.versioning\1.0.0\org.osgi.annotation.versioning-1.0.0.jar;D:\Development\.m2\repository\com\fasterxml\jackson\core\jackson-databind\2.9.6\jackson-databind-2.9.6.jar;D:\Development\.m2\repository\com\fasterxml\jackson\core\jackson-annotations\2.9.0\jackson-annotations-2.9.0.jar;D:\Development\.m2\repository\com\sun\xml\bind\jaxb-impl\2.3.1\jaxb-impl-2.3.1.jar;D:\Development\.m2\repository\com\fasterxml\jackson\core\jackson-core\2.9.9\jackson-core-2.9.9.jar;D:\Development\.m2\repository\com\fasterxml\jackson\dataformat\jackson-dataformat-yaml\2.9.9\jackson-dataformat-yaml-2.9.9.jar;D:\Development\.m2\repository\org\yaml\snakeyaml\1.23\snakeyaml-1.23.
Launcher Type: SUN_STANDARD

[Global flags]
     intx CICompilerCount                          = 4                                         {product} {ergonomic}
     uint ConcGCThreads                            = 3                                         {product} {ergonomic}
     uint G1ConcRefinementThreads                  = 10                                        {product} {ergonomic}
   size_t G1HeapRegionSize                         = 4194304                                   {product} {ergonomic}
    uintx GCDrainStackTargetSize                   = 64                                        {product} {ergonomic}
   size_t InitialHeapSize                          = 1073741824                                {product} {ergonomic}
   size_t MarkStackSize                            = 4194304                                   {product} {ergonomic}
   size_t MaxHeapSize                              = 17154703360                               {product} {ergonomic}
   size_t MaxNewSize                               = 10292822016                               {product} {ergonomic}
   size_t MinHeapDeltaBytes                        = 4194304                                   {product} {ergonomic}
    uintx NonNMethodCodeHeapSize                   = 5836300                                {pd product} {ergonomic}
    uintx NonProfiledCodeHeapSize                  = 122910970                              {pd product} {ergonomic}
    uintx ProfiledCodeHeapSize                     = 122910970                              {pd product} {ergonomic}
    uintx ReservedCodeCacheSize                    = 251658240                              {pd product} {ergonomic}
     bool SegmentedCodeCache                       = true                                      {product} {ergonomic}
     bool UseCompressedClassPointers               = true                                 {lp64_product} {ergonomic}
     bool UseCompressedOops                        = true                                 {lp64_product} {ergonomic}
     bool UseG1GC                                  = true                                      {product} {ergonomic}
     bool UseLargePagesIndividualAllocation        = false                                  {pd product} {ergonomic}

Logging:
Log output configuration:
 #0: stdout all=warning uptime,level,tags
 #1: stderr all=off uptime,level,tags

Environment Variables:
JAVA_HOME=C:\Program Files\Java\jdk-12
PATH=C:/Program Files/Java/jdk-12/bin/server;C:/Program Files/Java/jdk-12/bin;C:\Program Files (x86)\Common Files\Oracle\Java\javapath;C:\Program Files (x86)\Intel\Intel(R) Management Engine Components\iCLS\;C:\Program Files\Intel\Intel(R) Management Engine Components\iCLS\;C:\Windows\system32;C:\Windows;C:\Windows\System32\Wbem;C:\Windows\System32\WindowsPowerShell\v1.0\;C:\Program Files (x86)\Intel\Intel(R) Management Engine Components\DAL;C:\Program Files\Intel\Intel(R) Management Engine Components\DAL;C:\Program Files (x86)\Intel\Intel(R) Management Engine Components\IPT;C:\Program Files\Intel\Intel(R) Management Engine Components\IPT;C:\WINDOWS\system32;C:\WINDOWS;C:\WINDOWS\System32\Wbem;C:\WINDOWS\System32\WindowsPowerShell\v1.0\;C:\WINDOWS\System32\OpenSSH\;C:\Program Files (x86)\NVIDIA Corporation\PhysX\Common;C:\WINDOWS\system32;C:\WINDOWS;C:\WINDOWS\System32\Wbem;C:\WINDOWS\System32\WindowsPowerShell\v1.0\;C:\WINDOWS\System32\OpenSSH\;C:\Users\Torsten\AppData\Local\Microsoft\WindowsApps;D:\Development\apache-maven\bin;;C:\WINDOWS\System32;
USERNAME=Torsten
OS=Windows_NT
PROCESSOR_IDENTIFIER=Intel64 Family 6 Model 158 Stepping 10, GenuineIntel



---------------  S Y S T E M  ---------------

OS: Windows 10 , 64 bit Build 18362 (10.0.18362.86)

CPU:total 12 (initial active 12) (6 cores per cpu, 2 threads per core) family 6 model 158 stepping 10, cmov, cx8, fxsr, mmx, sse, sse2, sse3, ssse3, sse4.1, sse4.2, popcnt, avx, avx2, aes, clmul, erms, rtm, 3dnowpref, lzcnt, ht, tsc, tscinvbit, bmi1, bmi2, adx, fma

Memory: 4k page, system-wide physical 65439M (58588M free)
TotalPageFile size 75167M (AvailPageFile size 66086M)
current process WorkingSet (physical memory assigned to process): 171M, peak: 316M
current process commit charge ("private bytes"): 245M, peak: 1280M

vm_info: OpenJDK 64-Bit Server VM (12.0.1+12) for windows-amd64 JRE (12.0.1+12), built on Apr  2 2019 08:16:31 by "mach5one" with MS VC++ 15.5 (VS2017)

END.
